Performing C SOURCE FILE Test CMAKE_HAVE_LIBC_PTHREAD failed with the following output:
Change Dir: /home/gzb/ParaPanoStitch/build/CMakeFiles/CMakeTmp

Run Build Command(s):/usr/bin/make cmTC_0a84a/fast && make[1]: Entering directory '/home/gzb/ParaPanoStitch/build/CMakeFiles/CMakeTmp'
/usr/bin/make -f CMakeFiles/cmTC_0a84a.dir/build.make CMakeFiles/cmTC_0a84a.dir/build
make[2]: Entering directory '/home/gzb/ParaPanoStitch/build/CMakeFiles/CMakeTmp'
Building C object CMakeFiles/cmTC_0a84a.dir/src.c.o
/usr/bin/cc   -fPIC -DCMAKE_HAVE_LIBC_PTHREAD   -o CMakeFiles/cmTC_0a84a.dir/src.c.o   -c /home/gzb/ParaPanoStitch/build/CMakeFiles/CMakeTmp/src.c
Linking C executable cmTC_0a84a
/usr/bin/cmake -E cmake_link_script CMakeFiles/cmTC_0a84a.dir/link.txt --verbose=1
/usr/bin/cc -fPIC -DCMAKE_HAVE_LIBC_PTHREAD    CMakeFiles/cmTC_0a84a.dir/src.c.o  -o cmTC_0a84a 
/usr/bin/ld: CMakeFiles/cmTC_0a84a.dir/src.c.o: in function `main':
src.c:(.text+0x46): undefined reference to `pthread_create'
/usr/bin/ld: src.c:(.text+0x52): undefined reference to `pthread_detach'
/usr/bin/ld: src.c:(.text+0x63): undefined reference to `pthread_join'
collect2: error: ld returned 1 exit status
make[2]: *** [CMakeFiles/cmTC_0a84a.dir/build.make:87: cmTC_0a84a] Error 1
make[2]: Leaving directory '/home/gzb/ParaPanoStitch/build/CMakeFiles/CMakeTmp'
make[1]: *** [Makefile:121: cmTC_0a84a/fast] Error 2
make[1]: Leaving directory '/home/gzb/ParaPanoStitch/build/CMakeFiles/CMakeTmp'


Source file was:
#include <pthread.h>

void* test_func(void* data)
{
  return data;
}

int main(void)
{
  pthread_t thread;
  pthread_create(&thread, NULL, test_func, NULL);
  pthread_detach(thread);
  pthread_join(thread, NULL);
  pthread_atfork(NULL, NULL, NULL);
  pthread_exit(NULL);

  return 0;
}

Determining if the function pthread_create exists in the pthreads failed with the following output:
Change Dir: /home/gzb/ParaPanoStitch/build/CMakeFiles/CMakeTmp

Run Build Command(s):/usr/bin/make cmTC_a7b12/fast && make[1]: Entering directory '/home/gzb/ParaPanoStitch/build/CMakeFiles/CMakeTmp'
/usr/bin/make -f CMakeFiles/cmTC_a7b12.dir/build.make CMakeFiles/cmTC_a7b12.dir/build
make[2]: Entering directory '/home/gzb/ParaPanoStitch/build/CMakeFiles/CMakeTmp'
Building C object CMakeFiles/cmTC_a7b12.dir/CheckFunctionExists.c.o
/usr/bin/cc   -fPIC -DCHECK_FUNCTION_EXISTS=pthread_create   -o CMakeFiles/cmTC_a7b12.dir/CheckFunctionExists.c.o   -c /usr/share/cmake-3.16/Modules/CheckFunctionExists.c
Linking C executable cmTC_a7b12
/usr/bin/cmake -E cmake_link_script CMakeFiles/cmTC_a7b12.dir/link.txt --verbose=1
/usr/bin/cc -fPIC -DCHECK_FUNCTION_EXISTS=pthread_create    CMakeFiles/cmTC_a7b12.dir/CheckFunctionExists.c.o  -o cmTC_a7b12  -lpthreads 
/usr/bin/ld: cannot find -lpthreads
collect2: error: ld returned 1 exit status
make[2]: *** [CMakeFiles/cmTC_a7b12.dir/build.make:87: cmTC_a7b12] Error 1
make[2]: Leaving directory '/home/gzb/ParaPanoStitch/build/CMakeFiles/CMakeTmp'
make[1]: *** [Makefile:121: cmTC_a7b12/fast] Error 2
make[1]: Leaving directory '/home/gzb/ParaPanoStitch/build/CMakeFiles/CMakeTmp'



Compiling the CUDA compiler identification source file "CMakeCUDACompilerId.cu" failed.
Compiler: CMAKE_CUDA_COMPILER-NOTFOUND 
Build flags: 
Id flags:  -v;--keep;--keep-dir;tmp

The output was:
No such file or directory


Compiling the CUDA compiler identification source file "CMakeCUDACompilerId.cu" failed.
Compiler: CMAKE_CUDA_COMPILER-NOTFOUND 
Build flags: 
Id flags:  -v;--keep;--keep-dir;tmp

The output was:
No such file or directory


Compiling the CUDA compiler identification source file "CMakeCUDACompilerId.cu" failed.
Compiler: CMAKE_CUDA_COMPILER-NOTFOUND 
Build flags: 
Id flags:  -v;--keep;--keep-dir;tmp

The output was:
No such file or directory


Compiling the CUDA compiler identification source file "CMakeCUDACompilerId.cu" failed.
Compiler: CMAKE_CUDA_COMPILER-NOTFOUND 
Build flags: 
Id flags:  -v;--keep;--keep-dir;tmp

The output was:
No such file or directory


Compiling the CUDA compiler identification source file "CMakeCUDACompilerId.cu" failed.
Compiler: CMAKE_CUDA_COMPILER-NOTFOUND 
Build flags: 
Id flags:  -v;--keep;--keep-dir;tmp

The output was:
No such file or directory


Compiling the CUDA compiler identification source file "CMakeCUDACompilerId.cu" failed.
Compiler: CMAKE_CUDA_COMPILER-NOTFOUND 
Build flags: 
Id flags:  -v;--keep;--keep-dir;tmp

The output was:
No such file or directory


